<?xml version="1.0" encoding="UTF-8"?>
<!-- Generated by org.testng.reporters.JUnitXMLReporter -->
<testsuite ignored="5" hostname="Ram1990" failures="0" tests="3" name="groupingtests" time="0.059" errors="0" timestamp="2024-07-20T16:05:57 EDT">
  <testcase classname="day44_DependencyTests_TestNGGroups._3Grouping_SignupTests" name="signupByEmail" time="0.01"/>
  <testcase classname="day44_DependencyTests_TestNGGroups._3Grouping_SignupTests" name="signupByFacebook" time="0.002"/>
  <testcase classname="day44_DependencyTests_TestNGGroups._3Grouping_SignupTests" name="signupByTwitter" time="0.002"/>
  <testcase classname="day44_DependencyTests_TestNGGroups._2Grouping_LoginTests" name="loginByTwitter" time="0.0">
    <ignored/>
  </testcase> <!-- loginByTwitter -->
  <testcase classname="day44_DependencyTests_TestNGGroups._2Grouping_LoginTests" name="loginByFacebook" time="0.0">
    <ignored/>
  </testcase> <!-- loginByFacebook -->
  <testcase classname="day44_DependencyTests_TestNGGroups._2Grouping_LoginTests" name="loginByEmail" time="0.0">
    <ignored/>
  </testcase> <!-- loginByEmail -->
  <testcase classname="day44_DependencyTests_TestNGGroups._4GroupingPaymentTests" name="paymentInDollars" time="0.0">
    <ignored/>
  </testcase> <!-- paymentInDollars -->
  <testcase classname="day44_DependencyTests_TestNGGroups._4GroupingPaymentTests" name="paymentRupees" time="0.0">
    <ignored/>
  </testcase> <!-- paymentRupees -->
</testsuite> <!-- groupingtests -->
