<?xml version="1.0" encoding="UTF-8"?>
<!-- Generated by org.testng.reporters.JUnitXMLReporter -->
<testsuite ignored="0" hostname="Ram1990" failures="0" tests="3" name="chromeTest" time="9.931" errors="0" timestamp="2024-07-24T23:21:04 EDT">
  <testcase classname="Day45_TestNG_DataProviders_ParallelTesting._2ParamTest" name="testLogo" time="0.149"/>
  <testcase classname="Day45_TestNG_DataProviders_ParallelTesting._2ParamTest" name="testTitle" time="0.017"/>
  <testcase classname="Day45_TestNG_DataProviders_ParallelTesting._2ParamTest" name="testURL" time="0.015"/>
</testsuite> <!-- chromeTest -->
