<?xml version="1.0" encoding="UTF-8"?>
<testng-results ignored="0" total="1" passed="1" failed="0" skipped="0">
  <reporter-output>
  </reporter-output>
  <suite started-at="2024-07-25T22:52:18 EDT" name="Suite" finished-at="2024-07-25T22:52:24 EDT" duration-ms="6352">
    <groups>
    </groups>
    <test started-at="2024-07-25T22:52:18 EDT" name="Test" finished-at="2024-07-25T22:52:24 EDT" duration-ms="6352">
      <class name="day47_HandlingPageElements_POM._2LoginTest">
        <test-method is-config="true" signature="setup()[pri:0, instance:day47_HandlingPageElements_POM._2LoginTest@18df8434]" started-at="2024-07-25T22:52:18 EDT" name="setup" finished-at="2024-07-25T22:52:22 EDT" duration-ms="4455" status="PASS">
          <reporter-output>
          </reporter-output>
        </test-method> <!-- setup -->
        <test-method signature="testLogin()[pri:0, instance:day47_HandlingPageElements_POM._2LoginTest@18df8434]" started-at="2024-07-25T22:52:22 EDT" name="testLogin" finished-at="2024-07-25T22:52:24 EDT" duration-ms="1664" status="PASS">
          <reporter-output>
          </reporter-output>
        </test-method> <!-- testLogin -->
        <test-method is-config="true" signature="tearDown()[pri:0, instance:day47_HandlingPageElements_POM._2LoginTest@18df8434]" started-at="2024-07-25T22:52:24 EDT" name="tearDown" finished-at="2024-07-25T22:52:24 EDT" duration-ms="185" status="PASS">
          <reporter-output>
          </reporter-output>
        </test-method> <!-- tearDown -->
      </class> <!-- day47_HandlingPageElements_POM._2LoginTest -->
    </test> <!-- Test -->
  </suite> <!-- Suite -->
</testng-results>
